  Deque.cpp
C:\Users\Админ\OneDrive\Рабочий стол\учеба 2 курс\САОД\Deque\Deque\Deque\list.h(542,20): warning C4244: аргумент: преобразование "double" в "const T", возможна потеря данных
          with
          [
              T=int
          ]
C:\Users\Админ\OneDrive\Рабочий стол\учеба 2 курс\САОД\Deque\Deque\Deque\list.h(543,20): warning C4244: аргумент: преобразование "double" в "const T", возможна потеря данных
          with
          [
              T=int
          ]
C:\Users\Админ\OneDrive\Рабочий стол\учеба 2 курс\САОД\Deque\Deque\Deque\list.h(544,20): warning C4244: аргумент: преобразование "double" в "const T", возможна потеря данных
          with
          [
              T=int
          ]
C:\Users\Админ\OneDrive\Рабочий стол\учеба 2 курс\САОД\Deque\Deque\Deque\list.h(547,5): warning C4244: аргумент: преобразование "double" в "const T", возможна потеря данных
          with
          [
              T=int
          ]
  Deque.vcxproj -> C:\Users\Админ\OneDrive\Рабочий стол\учеба 2 курс\САОД\Deque\Deque\x64\Debug\Deque.exe
